{"C:\\Users\\10690874\\Desktop\\demoGithu\\test-demo-one-t\\test\\sub.js": {"path":"C:\\Users\\10690874\\Desktop\\demoGithu\\test-demo-one-t\\test\\sub.js","statementMap":{"0":{"start":{"line":2,"column":4},"end":{"line":2,"column":14}},"1":{"start":{"line":4,"column":3},"end":{"line":4,"column":28}}},"fnMap":{"0":{"name":"subtract","decl":{"start":{"line":1,"column":9},"end":{"line":1,"column":17}},"loc":{"start":{"line":1,"column":23},"end":{"line":3,"column":4}},"line":1}},"branchMap":{},"s":{"0":1,"1":1},"f":{"0":1},"b":{},"_coverageSchema":"1a1c01bbd47fc00a2c39e90264f33305004495a9","hash":"6de9ed1a3e02cbf5a921bf82b689f280e4efe3cf"}
,"C:\\Users\\10690874\\Desktop\\demoGithu\\test-demo-one-t\\test\\sum.js": {"path":"C:\\Users\\10690874\\Desktop\\demoGithu\\test-demo-one-t\\test\\sum.js","statementMap":{"0":{"start":{"line":2,"column":4},"end":{"line":2,"column":14}},"1":{"start":{"line":5,"column":0},"end":{"line":5,"column":21}}},"fnMap":{"0":{"name":"sum","decl":{"start":{"line":1,"column":9},"end":{"line":1,"column":12}},"loc":{"start":{"line":1,"column":18},"end":{"line":4,"column":1}},"line":1}},"branchMap":{},"s":{"0":1,"1":1},"f":{"0":1},"b":{},"_coverageSchema":"1a1c01bbd47fc00a2c39e90264f33305004495a9","hash":"77aed3b24d0ce34aaac3f0f23989f899b3df0425"}
}
