{"C:\\Users\\10690874\\Desktop\\DemoCovee\\Test_coverage\\test\\mul.js": {"path":"C:\\Users\\10690874\\Desktop\\DemoCovee\\Test_coverage\\test\\mul.js","statementMap":{"0":{"start":{"line":2,"column":4},"end":{"line":2,"column":14}},"1":{"start":{"line":4,"column":3},"end":{"line":4,"column":28}}},"fnMap":{"0":{"name":"multiply","decl":{"start":{"line":1,"column":9},"end":{"line":1,"column":17}},"loc":{"start":{"line":1,"column":23},"end":{"line":3,"column":4}},"line":1}},"branchMap":{},"s":{"0":1,"1":1},"f":{"0":1},"b":{},"_coverageSchema":"1a1c01bbd47fc00a2c39e90264f33305004495a9","hash":"3180efaa2b19e78205699f5c0c277320cc42a3e7"}
,"C:\\Users\\10690874\\Desktop\\DemoCovee\\Test_coverage\\test\\sub.js": {"path":"C:\\Users\\10690874\\Desktop\\DemoCovee\\Test_coverage\\test\\sub.js","statementMap":{"0":{"start":{"line":2,"column":4},"end":{"line":2,"column":14}},"1":{"start":{"line":4,"column":3},"end":{"line":4,"column":28}},"2":{"start":{"line":7,"column":4},"end":{"line":7,"column":14}},"3":{"start":{"line":9,"column":0},"end":{"line":9,"column":20}}},"fnMap":{"0":{"name":"subtract","decl":{"start":{"line":1,"column":9},"end":{"line":1,"column":17}},"loc":{"start":{"line":1,"column":23},"end":{"line":3,"column":4}},"line":1},"1":{"name":"sub","decl":{"start":{"line":6,"column":9},"end":{"line":6,"column":12}},"loc":{"start":{"line":6,"column":17},"end":{"line":8,"column":1}},"line":6}},"branchMap":{},"s":{"0":0,"1":1,"2":1,"3":1},"f":{"0":0,"1":1},"b":{},"_coverageSchema":"1a1c01bbd47fc00a2c39e90264f33305004495a9","hash":"b4dd1f53f3c9145e45bb43610bbdb8c160fc6efb"}
,"C:\\Users\\10690874\\Desktop\\DemoCovee\\Test_coverage\\test\\sum.js": {"path":"C:\\Users\\10690874\\Desktop\\DemoCovee\\Test_coverage\\test\\sum.js","statementMap":{"0":{"start":{"line":2,"column":4},"end":{"line":2,"column":14}},"1":{"start":{"line":5,"column":0},"end":{"line":5,"column":21}}},"fnMap":{"0":{"name":"sum","decl":{"start":{"line":1,"column":9},"end":{"line":1,"column":12}},"loc":{"start":{"line":1,"column":18},"end":{"line":4,"column":1}},"line":1}},"branchMap":{},"s":{"0":1,"1":1},"f":{"0":1},"b":{},"_coverageSchema":"1a1c01bbd47fc00a2c39e90264f33305004495a9","hash":"822e5962fa9067b64c5e01beeb2fc57c38cc8e99"}
}
